<?xml version="1.0" encoding="utf-8"?><testsuites name="pytest tests"><testsuite name="pytest" errors="0" failures="0" skipped="0" tests="17" time="4.456" timestamp="2026-06-12T18:28:44.627427+00:00" hostname="agent-env-f7417c56-92e3-41d0-a589-b03952ac329f"><testcase classname="backend.tests.test_living_circle.TestAuth" name="test_send_otp" time="0.212" /><testcase classname="backend.tests.test_living_circle.TestAuth" name="test_verify_otp_success_new_user" time="0.044" /><testcase classname="backend.tests.test_living_circle.TestAuth" name="test_verify_otp_wrong" time="0.042" /><testcase classname="backend.tests.test_living_circle.TestProfile" name="test_me_requires_token" time="0.046" /><testcase classname="backend.tests.test_living_circle.TestProfile" name="test_me_returns_profile" time="0.214" /><testcase classname="backend.tests.test_living_circle.TestProfile" name="test_update_merges_lifestyle" time="0.398" /><testcase classname="backend.tests.test_living_circle.TestDiscover" name="test_discover_returns_seeded" time="0.221" /><testcase classname="backend.tests.test_living_circle.TestDiscover" name="test_discover_filters" time="0.308" /><testcase classname="backend.tests.test_living_circle.TestSwipeMatch" name="test_pass_excludes_from_discover" time="0.227" /><testcase classname="backend.tests.test_living_circle.TestSwipeMatch" name="test_mutual_like_creates_match" time="0.544" /><testcase classname="backend.tests.test_living_circle.TestSwipeMatch" name="test_cannot_swipe_self" time="0.187" /><testcase classname="backend.tests.test_living_circle.TestMessages" name="test_send_and_get_messages" time="0.664" /><testcase classname="backend.tests.test_living_circle.TestMessages" name="test_messages_unauthorized_match" time="0.171" /><testcase classname="backend.tests.test_living_circle.TestBlockReport" name="test_block_excludes_from_discover" time="0.322" /><testcase classname="backend.tests.test_living_circle.TestBlockReport" name="test_report" time="0.195" /><testcase classname="backend.tests.test_living_circle.TestSeed" name="test_seeded_profiles_exist" time="0.169" /><testcase classname="backend.tests.test_living_circle.TestSeed" name="test_compatibility_score" time="0.221" /></testsuite></testsuites>